<?xml version="1.0" encoding="UTF-8"?>
<!-- Generated by org.testng.reporters.JUnitReportReporter -->
<testsuite hostname="DESKTOP-E56G2IM" failures="0" tests="3" name="org.parameter.dclassA" time="0.022" errors="0" timestamp="05 Oct 2022 09:47:02 GMT" skipped="0">
  <testcase classname="org.parameter.dclassA" name="test2" time="0.003"/>
  <testcase classname="org.parameter.dclassA" name="test1" time="0.004"/>
  <testcase classname="org.parameter.dclassA" name="test3" time="0.015"/>
</testsuite> <!-- org.parameter.dclassA -->
